<?xml version="1.0" encoding="UTF-8"?>
<testsuite name="Registro de usuario en Utest.com" tests="1" skipped="0" failures="1" errors="0" timestamp="2022-03-13T04:20:28" hostname="DESKTOP-QRQV3O6" time="50.183">
  <properties/>
  <testcase name="Registro de Hector en la pagina Utest.com" classname="Registro de usuario en Utest.com" time="50.183">
    <failure message="java.lang.AssertionError: Expected respuesta registro&#10;Expected: is &lt;true&gt;&#10;     but: was &lt;false&gt;" type="java.lang.AssertionError">java.lang.AssertionError: Expected respuesta registro
Expected: is &lt;true&gt;
     but: was &lt;false&gt;
	at net.serenitybdd.screenplay.ErrorTally.throwSummaryExceptionFrom(ErrorTally.java:36)
	at net.serenitybdd.screenplay.ErrorTally.reportAnyErrors(ErrorTally.java:30)
	at net.serenitybdd.screenplay.Actor.should(Actor.java:301)
	at co.com.choucair.certification.proyectobase.stepdefinitions.UtestStepDefinition.elRegistroMuestraLaNotificacionDeCompletadoLaConfiguracionEnPantalla(UtestStepDefinition.java:38)
	at ✽.el registro muestra la notificacion de completado la configuracion en pantalla(src/test/resources/features/registro_usuario.feature:10)
</failure>
  </testcase>
  <system-out><![CDATA[]]></system-out>
  <system-err><![CDATA[[Test worker] WARN net.thucydides.core.steps.BaseStepListener - stepStarted: net.thucydides.core.steps.ExecutedStepDescription@2e1f6f4f
[Test worker] WARN net.thucydides.core.steps.BaseStepListener - stepStarted: net.thucydides.core.steps.ExecutedStepDescription@65a69f31
[Test worker] WARN net.thucydides.core.steps.BaseStepListener - stepStarted: net.thucydides.core.steps.ExecutedStepDescription@5168dc52
mar. 12, 2022 11:20:29 P. M. org.openqa.selenium.remote.DesiredCapabilities chrome
INFORMACIÓN: Using `new ChromeOptions()` is preferred to `DesiredCapabilities.chrome()`
[Test worker] INFO net.serenitybdd.core.webdriver.driverproviders.ProvideNewDriver - Instantiating driver
[Test worker] INFO net.serenitybdd.core.webdriver.driverproviders.ProvideNewDriver - Driver capabilities: Capabilities {acceptInsecureCerts: false, browserName: chrome, chrome.switches: --start-maximized, goog:chromeOptions: {args: [--start-maximized], extensions: []}, loggingPrefs: org.openqa.selenium.logging..., platform: ANY, version: }
Starting ChromeDriver 98.0.4758.102 (273bf7ac8c909cde36982d27f66f3c70846a3718-refs/branch-heads/4758@{#1151}) on port 24493
Only local connections are allowed.
Please see https://chromedriver.chromium.org/security-considerations for suggestions on keeping ChromeDriver safe.
ChromeDriver was started successfully.
[1647145232.459][WARNING]: This version of ChromeDriver has not been tested with Chrome version 99.
mar. 12, 2022 11:20:32 P. M. org.openqa.selenium.remote.ProtocolHandshake createSession
INFORMACIÓN: Detected dialect: W3C
[Test worker] WARN net.thucydides.core.steps.BaseStepListener - stepFinished: current outcome:Registro de Hector en la pagina Utest.com:Given Hector desea registrarse en Utest.com [Hector abrir [Hector opens the Pagina utest]]
[Test worker] WARN net.thucydides.core.steps.BaseStepListener - stepStarted: net.thucydides.core.steps.ExecutedStepDescription@306ac23
[Test worker] WARN net.thucydides.core.steps.BaseStepListener - stepFinished: current outcome:Registro de Hector en la pagina Utest.com:Given Hector desea registrarse en Utest.com [Hector abrir [Hector opens the Pagina utest, Hector clicks on Boton para iniciar registro]]
[Test worker] WARN net.thucydides.core.steps.BaseStepListener - stepFinished: current outcome:Registro de Hector en la pagina Utest.com:Given Hector desea registrarse en Utest.com [Hector abrir [Hector opens the Pagina utest, Hector clicks on Boton para iniciar registro]]
[Test worker] WARN net.thucydides.core.steps.BaseStepListener - stepFinished: current outcome:Registro de Hector en la pagina Utest.com:Given Hector desea registrarse en Utest.com [Hector abrir [Hector opens the Pagina utest, Hector clicks on Boton para iniciar registro]]
[Test worker] WARN net.thucydides.core.steps.BaseStepListener - stepStarted: net.thucydides.core.steps.ExecutedStepDescription@4e5a9f15
[Test worker] WARN net.thucydides.core.steps.BaseStepListener - stepStarted: net.thucydides.core.steps.ExecutedStepDescription@4ca579e8
[Test worker] WARN net.thucydides.core.steps.BaseStepListener - stepStarted: net.thucydides.core.steps.ExecutedStepDescription@6a680208
[Test worker] WARN net.thucydides.core.steps.BaseStepListener - stepFinished: current outcome:Registro de Hector en la pagina Utest.com:Given Hector desea registrarse en Utest.com [Hector abrir [Hector opens the Pagina utest, Hector clicks on Boton para iniciar registro]], When el usuario ingresa los datos requeridos por el sistema
| nombre | apellido | email | mesNacimiento | diaNacimiento | anoNacimiento | idioma | ciudad | zip | pais | celular | modelo | sistemaOperativo | contrasena |
| Hector | Duran | hector2@gmail.com | January | 28 | 1993 | Spanish | Panama City Panama | 00000 | Panama | Huawei | Poco F2 Pro | Android 10 | Hector12345# | [Hector ingresar [Hector enters 'Hector' into Primer nombre]]
[Test worker] WARN net.thucydides.core.steps.BaseStepListener - stepStarted: net.thucydides.core.steps.ExecutedStepDescription@f1cc8e
[Test worker] WARN net.thucydides.core.steps.BaseStepListener - stepFinished: current outcome:Registro de Hector en la pagina Utest.com:Given Hector desea registrarse en Utest.com [Hector abrir [Hector opens the Pagina utest, Hector clicks on Boton para iniciar registro]], When el usuario ingresa los datos requeridos por el sistema
| nombre | apellido | email | mesNacimiento | diaNacimiento | anoNacimiento | idioma | ciudad | zip | pais | celular | modelo | sistemaOperativo | contrasena |
| Hector | Duran | hector2@gmail.com | January | 28 | 1993 | Spanish | Panama City Panama | 00000 | Panama | Huawei | Poco F2 Pro | Android 10 | Hector12345# | [Hector ingresar [Hector enters 'Hector' into Primer nombre, Hector enters 'Duran' into Apellido]]
[Test worker] WARN net.thucydides.core.steps.BaseStepListener - stepStarted: net.thucydides.core.steps.ExecutedStepDescription@1359fb07
[Test worker] WARN net.thucydides.core.steps.BaseStepListener - stepFinished: current outcome:Registro de Hector en la pagina Utest.com:Given Hector desea registrarse en Utest.com [Hector abrir [Hector opens the Pagina utest, Hector clicks on Boton para iniciar registro]], When el usuario ingresa los datos requeridos por el sistema
| nombre | apellido | email | mesNacimiento | diaNacimiento | anoNacimiento | idioma | ciudad | zip | pais | celular | modelo | sistemaOperativo | contrasena |
| Hector | Duran | hector2@gmail.com | January | 28 | 1993 | Spanish | Panama City Panama | 00000 | Panama | Huawei | Poco F2 Pro | Android 10 | Hector12345# | [Hector ingresar [Hector enters 'Hector' into Primer nombre, Hector enters 'Duran' into Apellido, Hector enters 'hector2@gmail.com' into Direccion de correo]]
[Test worker] WARN net.thucydides.core.steps.BaseStepListener - stepStarted: net.thucydides.core.steps.ExecutedStepDescription@95c551b
[Test worker] WARN net.thucydides.core.steps.BaseStepListener - stepFinished: current outcome:Registro de Hector en la pagina Utest.com:Given Hector desea registrarse en Utest.com [Hector abrir [Hector opens the Pagina utest, Hector clicks on Boton para iniciar registro]], When el usuario ingresa los datos requeridos por el sistema
| nombre | apellido | email | mesNacimiento | diaNacimiento | anoNacimiento | idioma | ciudad | zip | pais | celular | modelo | sistemaOperativo | contrasena |
| Hector | Duran | hector2@gmail.com | January | 28 | 1993 | Spanish | Panama City Panama | 00000 | Panama | Huawei | Poco F2 Pro | Android 10 | Hector12345# | [Hector ingresar [Hector enters 'Hector' into Primer nombre, Hector enters 'Duran' into Apellido, Hector enters 'hector2@gmail.com' into Direccion de correo, Hector select January on Mes de nacimiento]]
[Test worker] WARN net.thucydides.core.steps.BaseStepListener - stepStarted: net.thucydides.core.steps.ExecutedStepDescription@2766dcdf
[Test worker] WARN net.thucydides.core.steps.BaseStepListener - stepFinished: current outcome:Registro de Hector en la pagina Utest.com:Given Hector desea registrarse en Utest.com [Hector abrir [Hector opens the Pagina utest, Hector clicks on Boton para iniciar registro]], When el usuario ingresa los datos requeridos por el sistema
| nombre | apellido | email | mesNacimiento | diaNacimiento | anoNacimiento | idioma | ciudad | zip | pais | celular | modelo | sistemaOperativo | contrasena |
| Hector | Duran | hector2@gmail.com | January | 28 | 1993 | Spanish | Panama City Panama | 00000 | Panama | Huawei | Poco F2 Pro | Android 10 | Hector12345# | [Hector ingresar [Hector enters 'Hector' into Primer nombre, Hector enters 'Duran' into Apellido, Hector enters 'hector2@gmail.com' into Direccion de correo, Hector select January on Mes de nacimiento, Hector select 28 on Dia de nacimiento]]
[Test worker] WARN net.thucydides.core.steps.BaseStepListener - stepStarted: net.thucydides.core.steps.ExecutedStepDescription@7da9decc
[Test worker] WARN net.thucydides.core.steps.BaseStepListener - stepFinished: current outcome:Registro de Hector en la pagina Utest.com:Given Hector desea registrarse en Utest.com [Hector abrir [Hector opens the Pagina utest, Hector clicks on Boton para iniciar registro]], When el usuario ingresa los datos requeridos por el sistema
| nombre | apellido | email | mesNacimiento | diaNacimiento | anoNacimiento | idioma | ciudad | zip | pais | celular | modelo | sistemaOperativo | contrasena |
| Hector | Duran | hector2@gmail.com | January | 28 | 1993 | Spanish | Panama City Panama | 00000 | Panama | Huawei | Poco F2 Pro | Android 10 | Hector12345# | [Hector ingresar [Hector enters 'Hector' into Primer nombre, Hector enters 'Duran' into Apellido, Hector enters 'hector2@gmail.com' into Direccion de correo, Hector select January on Mes de nacimiento, Hector select 28 on Dia de nacimiento, Hector select 1993 on AÃ±o de nacimiento]]
[Test worker] WARN net.thucydides.core.steps.BaseStepListener - stepStarted: net.thucydides.core.steps.ExecutedStepDescription@24ee0742
[Test worker] WARN net.thucydides.core.steps.BaseStepListener - stepFinished: current outcome:Registro de Hector en la pagina Utest.com:Given Hector desea registrarse en Utest.com [Hector abrir [Hector opens the Pagina utest, Hector clicks on Boton para iniciar registro]], When el usuario ingresa los datos requeridos por el sistema
| nombre | apellido | email | mesNacimiento | diaNacimiento | anoNacimiento | idioma | ciudad | zip | pais | celular | modelo | sistemaOperativo | contrasena |
| Hector | Duran | hector2@gmail.com | January | 28 | 1993 | Spanish | Panama City Panama | 00000 | Panama | Huawei | Poco F2 Pro | Android 10 | Hector12345# | [Hector ingresar [Hector enters 'Hector' into Primer nombre, Hector enters 'Duran' into Apellido, Hector enters 'hector2@gmail.com' into Direccion de correo, Hector select January on Mes de nacimiento, Hector select 28 on Dia de nacimiento, Hector select 1993 on AÃ±o de nacimiento, Hector enters 'Spanish' into Idioma hablado]]
[Test worker] WARN net.thucydides.core.steps.BaseStepListener - stepStarted: net.thucydides.core.steps.ExecutedStepDescription@783c4a26
[Test worker] WARN net.thucydides.core.steps.BaseStepListener - stepFinished: current outcome:Registro de Hector en la pagina Utest.com:Given Hector desea registrarse en Utest.com [Hector abrir [Hector opens the Pagina utest, Hector clicks on Boton para iniciar registro]], When el usuario ingresa los datos requeridos por el sistema
| nombre | apellido | email | mesNacimiento | diaNacimiento | anoNacimiento | idioma | ciudad | zip | pais | celular | modelo | sistemaOperativo | contrasena |
| Hector | Duran | hector2@gmail.com | January | 28 | 1993 | Spanish | Panama City Panama | 00000 | Panama | Huawei | Poco F2 Pro | Android 10 | Hector12345# | [Hector ingresar [Hector enters 'Hector' into Primer nombre, Hector enters 'Duran' into Apellido, Hector enters 'hector2@gmail.com' into Direccion de correo, Hector select January on Mes de nacimiento, Hector select 28 on Dia de nacimiento, Hector select 1993 on AÃ±o de nacimiento, Hector enters 'Spanish' into Idioma hablado, Hector types 'ARROW_DOWN' in Idioma hablado]]
[Test worker] WARN net.thucydides.core.steps.BaseStepListener - stepStarted: net.thucydides.core.steps.ExecutedStepDescription@4d6ff9c3
[Test worker] WARN net.thucydides.core.steps.BaseStepListener - stepFinished: current outcome:Registro de Hector en la pagina Utest.com:Given Hector desea registrarse en Utest.com [Hector abrir [Hector opens the Pagina utest, Hector clicks on Boton para iniciar registro]], When el usuario ingresa los datos requeridos por el sistema
| nombre | apellido | email | mesNacimiento | diaNacimiento | anoNacimiento | idioma | ciudad | zip | pais | celular | modelo | sistemaOperativo | contrasena |
| Hector | Duran | hector2@gmail.com | January | 28 | 1993 | Spanish | Panama City Panama | 00000 | Panama | Huawei | Poco F2 Pro | Android 10 | Hector12345# | [Hector ingresar [Hector enters 'Hector' into Primer nombre, Hector enters 'Duran' into Apellido, Hector enters 'hector2@gmail.com' into Direccion de correo, Hector select January on Mes de nacimiento, Hector select 28 on Dia de nacimiento, Hector select 1993 on AÃ±o de nacimiento, Hector enters 'Spanish' into Idioma hablado, Hector types 'ARROW_DOWN' in Idioma hablado, Hector types 'ENTER' in Idioma hablado]]
[Test worker] WARN net.thucydides.core.steps.BaseStepListener - stepStarted: net.thucydides.core.steps.ExecutedStepDescription@4939adc0
[Test worker] WARN net.thucydides.core.steps.BaseStepListener - stepFinished: current outcome:Registro de Hector en la pagina Utest.com:Given Hector desea registrarse en Utest.com [Hector abrir [Hector opens the Pagina utest, Hector clicks on Boton para iniciar registro]], When el usuario ingresa los datos requeridos por el sistema
| nombre | apellido | email | mesNacimiento | diaNacimiento | anoNacimiento | idioma | ciudad | zip | pais | celular | modelo | sistemaOperativo | contrasena |
| Hector | Duran | hector2@gmail.com | January | 28 | 1993 | Spanish | Panama City Panama | 00000 | Panama | Huawei | Poco F2 Pro | Android 10 | Hector12345# | [Hector ingresar [Hector enters 'Hector' into Primer nombre, Hector enters 'Duran' into Apellido, Hector enters 'hector2@gmail.com' into Direccion de correo, Hector select January on Mes de nacimiento, Hector select 28 on Dia de nacimiento, Hector select 1993 on AÃ±o de nacimiento, Hector enters 'Spanish' into Idioma hablado, Hector types 'ARROW_DOWN' in Idioma hablado, Hector types 'ENTER' in Idioma hablado, Hector clicks on Boton de siguiente ubicacion]]
[Test worker] WARN net.thucydides.core.steps.BaseStepListener - stepFinished: current outcome:Registro de Hector en la pagina Utest.com:Given Hector desea registrarse en Utest.com [Hector abrir [Hector opens the Pagina utest, Hector clicks on Boton para iniciar registro]], When el usuario ingresa los datos requeridos por el sistema
| nombre | apellido | email | mesNacimiento | diaNacimiento | anoNacimiento | idioma | ciudad | zip | pais | celular | modelo | sistemaOperativo | contrasena |
| Hector | Duran | hector2@gmail.com | January | 28 | 1993 | Spanish | Panama City Panama | 00000 | Panama | Huawei | Poco F2 Pro | Android 10 | Hector12345# | [Hector ingresar [Hector enters 'Hector' into Primer nombre, Hector enters 'Duran' into Apellido, Hector enters 'hector2@gmail.com' into Direccion de correo, Hector select January on Mes de nacimiento, Hector select 28 on Dia de nacimiento, Hector select 1993 on AÃ±o de nacimiento, Hector enters 'Spanish' into Idioma hablado, Hector types 'ARROW_DOWN' in Idioma hablado, Hector types 'ENTER' in Idioma hablado, Hector clicks on Boton de siguiente ubicacion]]
[Test worker] WARN net.thucydides.core.steps.BaseStepListener - stepStarted: net.thucydides.core.steps.ExecutedStepDescription@546be097
[Test worker] WARN net.thucydides.core.steps.BaseStepListener - stepStarted: net.thucydides.core.steps.ExecutedStepDescription@11890ef4
[Test worker] WARN net.thucydides.core.steps.BaseStepListener - stepFinished: current outcome:Registro de Hector en la pagina Utest.com:Given Hector desea registrarse en Utest.com [Hector abrir [Hector opens the Pagina utest, Hector clicks on Boton para iniciar registro]], When el usuario ingresa los datos requeridos por el sistema
| nombre | apellido | email | mesNacimiento | diaNacimiento | anoNacimiento | idioma | ciudad | zip | pais | celular | modelo | sistemaOperativo | contrasena |
| Hector | Duran | hector2@gmail.com | January | 28 | 1993 | Spanish | Panama City Panama | 00000 | Panama | Huawei | Poco F2 Pro | Android 10 | Hector12345# | [Hector ingresar [Hector enters 'Hector' into Primer nombre, Hector enters 'Duran' into Apellido, Hector enters 'hector2@gmail.com' into Direccion de correo, Hector select January on Mes de nacimiento, Hector select 28 on Dia de nacimiento, Hector select 1993 on AÃ±o de nacimiento, Hector enters 'Spanish' into Idioma hablado, Hector types 'ARROW_DOWN' in Idioma hablado, Hector types 'ENTER' in Idioma hablado, Hector clicks on Boton de siguiente ubicacion], Hector ingresar direccion [Hector enters 'Panama City Panama' into Ciudad de ubicacion]]
[Test worker] WARN net.thucydides.core.steps.BaseStepListener - stepStarted: net.thucydides.core.steps.ExecutedStepDescription@41587def
[Test worker] WARN net.thucydides.core.steps.BaseStepListener - stepFinished: current outcome:Registro de Hector en la pagina Utest.com:Given Hector desea registrarse en Utest.com [Hector abrir [Hector opens the Pagina utest, Hector clicks on Boton para iniciar registro]], When el usuario ingresa los datos requeridos por el sistema
| nombre | apellido | email | mesNacimiento | diaNacimiento | anoNacimiento | idioma | ciudad | zip | pais | celular | modelo | sistemaOperativo | contrasena |
| Hector | Duran | hector2@gmail.com | January | 28 | 1993 | Spanish | Panama City Panama | 00000 | Panama | Huawei | Poco F2 Pro | Android 10 | Hector12345# | [Hector ingresar [Hector enters 'Hector' into Primer nombre, Hector enters 'Duran' into Apellido, Hector enters 'hector2@gmail.com' into Direccion de correo, Hector select January on Mes de nacimiento, Hector select 28 on Dia de nacimiento, Hector select 1993 on AÃ±o de nacimiento, Hector enters 'Spanish' into Idioma hablado, Hector types 'ARROW_DOWN' in Idioma hablado, Hector types 'ENTER' in Idioma hablado, Hector clicks on Boton de siguiente ubicacion], Hector ingresar direccion [Hector enters 'Panama City Panama' into Ciudad de ubicacion, Hector types 'ARROW_DOWN' in Ciudad de ubicacion]]
[Test worker] WARN net.thucydides.core.steps.BaseStepListener - stepStarted: net.thucydides.core.steps.ExecutedStepDescription@77a7fe0a
[Test worker] WARN net.thucydides.core.steps.BaseStepListener - stepFinished: current outcome:Registro de Hector en la pagina Utest.com:Given Hector desea registrarse en Utest.com [Hector abrir [Hector opens the Pagina utest, Hector clicks on Boton para iniciar registro]], When el usuario ingresa los datos requeridos por el sistema
| nombre | apellido | email | mesNacimiento | diaNacimiento | anoNacimiento | idioma | ciudad | zip | pais | celular | modelo | sistemaOperativo | contrasena |
| Hector | Duran | hector2@gmail.com | January | 28 | 1993 | Spanish | Panama City Panama | 00000 | Panama | Huawei | Poco F2 Pro | Android 10 | Hector12345# | [Hector ingresar [Hector enters 'Hector' into Primer nombre, Hector enters 'Duran' into Apellido, Hector enters 'hector2@gmail.com' into Direccion de correo, Hector select January on Mes de nacimiento, Hector select 28 on Dia de nacimiento, Hector select 1993 on AÃ±o de nacimiento, Hector enters 'Spanish' into Idioma hablado, Hector types 'ARROW_DOWN' in Idioma hablado, Hector types 'ENTER' in Idioma hablado, Hector clicks on Boton de siguiente ubicacion], Hector ingresar direccion [Hector enters 'Panama City Panama' into Ciudad de ubicacion, Hector types 'ARROW_DOWN' in Ciudad de ubicacion, Hector types 'ENTER' in Ciudad de ubicacion]]
[Test worker] WARN net.thucydides.core.steps.BaseStepListener - stepStarted: net.thucydides.core.steps.ExecutedStepDescription@6073cc6a
[Test worker] WARN net.thucydides.core.steps.BaseStepListener - stepFinished: current outcome:Registro de Hector en la pagina Utest.com:Given Hector desea registrarse en Utest.com [Hector abrir [Hector opens the Pagina utest, Hector clicks on Boton para iniciar registro]], When el usuario ingresa los datos requeridos por el sistema
| nombre | apellido | email | mesNacimiento | diaNacimiento | anoNacimiento | idioma | ciudad | zip | pais | celular | modelo | sistemaOperativo | contrasena |
| Hector | Duran | hector2@gmail.com | January | 28 | 1993 | Spanish | Panama City Panama | 00000 | Panama | Huawei | Poco F2 Pro | Android 10 | Hector12345# | [Hector ingresar [Hector enters 'Hector' into Primer nombre, Hector enters 'Duran' into Apellido, Hector enters 'hector2@gmail.com' into Direccion de correo, Hector select January on Mes de nacimiento, Hector select 28 on Dia de nacimiento, Hector select 1993 on AÃ±o de nacimiento, Hector enters 'Spanish' into Idioma hablado, Hector types 'ARROW_DOWN' in Idioma hablado, Hector types 'ENTER' in Idioma hablado, Hector clicks on Boton de siguiente ubicacion], Hector ingresar direccion [Hector enters 'Panama City Panama' into Ciudad de ubicacion, Hector types 'ARROW_DOWN' in Ciudad de ubicacion, Hector types 'ENTER' in Ciudad de ubicacion, Hector enters '00000' into Codigo postal de ubicacion]]
[Test worker] WARN net.thucydides.core.steps.BaseStepListener - stepStarted: net.thucydides.core.steps.ExecutedStepDescription@217ec822
[Test worker] WARN net.thucydides.core.steps.BaseStepListener - stepFinished: current outcome:Registro de Hector en la pagina Utest.com:Given Hector desea registrarse en Utest.com [Hector abrir [Hector opens the Pagina utest, Hector clicks on Boton para iniciar registro]], When el usuario ingresa los datos requeridos por el sistema
| nombre | apellido | email | mesNacimiento | diaNacimiento | anoNacimiento | idioma | ciudad | zip | pais | celular | modelo | sistemaOperativo | contrasena |
| Hector | Duran | hector2@gmail.com | January | 28 | 1993 | Spanish | Panama City Panama | 00000 | Panama | Huawei | Poco F2 Pro | Android 10 | Hector12345# | [Hector ingresar [Hector enters 'Hector' into Primer nombre, Hector enters 'Duran' into Apellido, Hector enters 'hector2@gmail.com' into Direccion de correo, Hector select January on Mes de nacimiento, Hector select 28 on Dia de nacimiento, Hector select 1993 on AÃ±o de nacimiento, Hector enters 'Spanish' into Idioma hablado, Hector types 'ARROW_DOWN' in Idioma hablado, Hector types 'ENTER' in Idioma hablado, Hector clicks on Boton de siguiente ubicacion], Hector ingresar direccion [Hector enters 'Panama City Panama' into Ciudad de ubicacion, Hector types 'ARROW_DOWN' in Ciudad de ubicacion, Hector types 'ENTER' in Ciudad de ubicacion, Hector enters '00000' into Codigo postal de ubicacion, Hector clicks on Listado de paises]]
[Test worker] WARN net.thucydides.core.steps.BaseStepListener - stepStarted: net.thucydides.core.steps.ExecutedStepDescription@25e7f6b7
[Test worker] WARN net.thucydides.core.steps.BaseStepListener - stepFinished: current outcome:Registro de Hector en la pagina Utest.com:Given Hector desea registrarse en Utest.com [Hector abrir [Hector opens the Pagina utest, Hector clicks on Boton para iniciar registro]], When el usuario ingresa los datos requeridos por el sistema
| nombre | apellido | email | mesNacimiento | diaNacimiento | anoNacimiento | idioma | ciudad | zip | pais | celular | modelo | sistemaOperativo | contrasena |
| Hector | Duran | hector2@gmail.com | January | 28 | 1993 | Spanish | Panama City Panama | 00000 | Panama | Huawei | Poco F2 Pro | Android 10 | Hector12345# | [Hector ingresar [Hector enters 'Hector' into Primer nombre, Hector enters 'Duran' into Apellido, Hector enters 'hector2@gmail.com' into Direccion de correo, Hector select January on Mes de nacimiento, Hector select 28 on Dia de nacimiento, Hector select 1993 on AÃ±o de nacimiento, Hector enters 'Spanish' into Idioma hablado, Hector types 'ARROW_DOWN' in Idioma hablado, Hector types 'ENTER' in Idioma hablado, Hector clicks on Boton de siguiente ubicacion], Hector ingresar direccion [Hector enters 'Panama City Panama' into Ciudad de ubicacion, Hector types 'ARROW_DOWN' in Ciudad de ubicacion, Hector types 'ENTER' in Ciudad de ubicacion, Hector enters '00000' into Codigo postal de ubicacion, Hector clicks on Listado de paises, Hector enters 'Panama' then hits ARROW_DOWN and ENTER into Pais de ubicacion]]
[Test worker] WARN net.thucydides.core.steps.BaseStepListener - stepStarted: net.thucydides.core.steps.ExecutedStepDescription@4cc6561f
[Test worker] WARN net.thucydides.core.steps.BaseStepListener - stepFinished: current outcome:Registro de Hector en la pagina Utest.com:Given Hector desea registrarse en Utest.com [Hector abrir [Hector opens the Pagina utest, Hector clicks on Boton para iniciar registro]], When el usuario ingresa los datos requeridos por el sistema
| nombre | apellido | email | mesNacimiento | diaNacimiento | anoNacimiento | idioma | ciudad | zip | pais | celular | modelo | sistemaOperativo | contrasena |
| Hector | Duran | hector2@gmail.com | January | 28 | 1993 | Spanish | Panama City Panama | 00000 | Panama | Huawei | Poco F2 Pro | Android 10 | Hector12345# | [Hector ingresar [Hector enters 'Hector' into Primer nombre, Hector enters 'Duran' into Apellido, Hector enters 'hector2@gmail.com' into Direccion de correo, Hector select January on Mes de nacimiento, Hector select 28 on Dia de nacimiento, Hector select 1993 on AÃ±o de nacimiento, Hector enters 'Spanish' into Idioma hablado, Hector types 'ARROW_DOWN' in Idioma hablado, Hector types 'ENTER' in Idioma hablado, Hector clicks on Boton de siguiente ubicacion], Hector ingresar direccion [Hector enters 'Panama City Panama' into Ciudad de ubicacion, Hector types 'ARROW_DOWN' in Ciudad de ubicacion, Hector types 'ENTER' in Ciudad de ubicacion, Hector enters '00000' into Codigo postal de ubicacion, Hector clicks on Listado de paises, Hector enters 'Panama' then hits ARROW_DOWN and ENTER into Pais de ubicacion, Hector clicks on Boton de siguiente dispositivo]]
[Test worker] WARN net.thucydides.core.steps.BaseStepListener - stepFinished: current outcome:Registro de Hector en la pagina Utest.com:Given Hector desea registrarse en Utest.com [Hector abrir [Hector opens the Pagina utest, Hector clicks on Boton para iniciar registro]], When el usuario ingresa los datos requeridos por el sistema
| nombre | apellido | email | mesNacimiento | diaNacimiento | anoNacimiento | idioma | ciudad | zip | pais | celular | modelo | sistemaOperativo | contrasena |
| Hector | Duran | hector2@gmail.com | January | 28 | 1993 | Spanish | Panama City Panama | 00000 | Panama | Huawei | Poco F2 Pro | Android 10 | Hector12345# | [Hector ingresar [Hector enters 'Hector' into Primer nombre, Hector enters 'Duran' into Apellido, Hector enters 'hector2@gmail.com' into Direccion de correo, Hector select January on Mes de nacimiento, Hector select 28 on Dia de nacimiento, Hector select 1993 on AÃ±o de nacimiento, Hector enters 'Spanish' into Idioma hablado, Hector types 'ARROW_DOWN' in Idioma hablado, Hector types 'ENTER' in Idioma hablado, Hector clicks on Boton de siguiente ubicacion], Hector ingresar direccion [Hector enters 'Panama City Panama' into Ciudad de ubicacion, Hector types 'ARROW_DOWN' in Ciudad de ubicacion, Hector types 'ENTER' in Ciudad de ubicacion, Hector enters '00000' into Codigo postal de ubicacion, Hector clicks on Listado de paises, Hector enters 'Panama' then hits ARROW_DOWN and ENTER into Pais de ubicacion, Hector clicks on Boton de siguiente dispositivo]]
[Test worker] WARN net.thucydides.core.steps.BaseStepListener - stepStarted: net.thucydides.core.steps.ExecutedStepDescription@17227292
[Test worker] WARN net.thucydides.core.steps.BaseStepListener - stepStarted: net.thucydides.core.steps.ExecutedStepDescription@a19360
[Test worker] WARN net.thucydides.core.steps.BaseStepListener - stepFinished: current outcome:Registro de Hector en la pagina Utest.com:Given Hector desea registrarse en Utest.com [Hector abrir [Hector opens the Pagina utest, Hector clicks on Boton para iniciar registro]], When el usuario ingresa los datos requeridos por el sistema
| nombre | apellido | email | mesNacimiento | diaNacimiento | anoNacimiento | idioma | ciudad | zip | pais | celular | modelo | sistemaOperativo | contrasena |
| Hector | Duran | hector2@gmail.com | January | 28 | 1993 | Spanish | Panama City Panama | 00000 | Panama | Huawei | Poco F2 Pro | Android 10 | Hector12345# | [Hector ingresar [Hector enters 'Hector' into Primer nombre, Hector enters 'Duran' into Apellido, Hector enters 'hector2@gmail.com' into Direccion de correo, Hector select January on Mes de nacimiento, Hector select 28 on Dia de nacimiento, Hector select 1993 on AÃ±o de nacimiento, Hector enters 'Spanish' into Idioma hablado, Hector types 'ARROW_DOWN' in Idioma hablado, Hector types 'ENTER' in Idioma hablado, Hector clicks on Boton de siguiente ubicacion], Hector ingresar direccion [Hector enters 'Panama City Panama' into Ciudad de ubicacion, Hector types 'ARROW_DOWN' in Ciudad de ubicacion, Hector types 'ENTER' in Ciudad de ubicacion, Hector enters '00000' into Codigo postal de ubicacion, Hector clicks on Listado de paises, Hector enters 'Panama' then hits ARROW_DOWN and ENTER into Pais de ubicacion, Hector clicks on Boton de siguiente dispositivo], Hector ingresar dispositivo [Hector clicks on Listado de dispositivos]]
[Test worker] WARN net.thucydides.core.steps.BaseStepListener - stepStarted: net.thucydides.core.steps.ExecutedStepDescription@17368dc7
[Test worker] WARN net.thucydides.core.steps.BaseStepListener - stepFinished: current outcome:Registro de Hector en la pagina Utest.com:Given Hector desea registrarse en Utest.com [Hector abrir [Hector opens the Pagina utest, Hector clicks on Boton para iniciar registro]], When el usuario ingresa los datos requeridos por el sistema
| nombre | apellido | email | mesNacimiento | diaNacimiento | anoNacimiento | idioma | ciudad | zip | pais | celular | modelo | sistemaOperativo | contrasena |
| Hector | Duran | hector2@gmail.com | January | 28 | 1993 | Spanish | Panama City Panama | 00000 | Panama | Huawei | Poco F2 Pro | Android 10 | Hector12345# | [Hector ingresar [Hector enters 'Hector' into Primer nombre, Hector enters 'Duran' into Apellido, Hector enters 'hector2@gmail.com' into Direccion de correo, Hector select January on Mes de nacimiento, Hector select 28 on Dia de nacimiento, Hector select 1993 on AÃ±o de nacimiento, Hector enters 'Spanish' into Idioma hablado, Hector types 'ARROW_DOWN' in Idioma hablado, Hector types 'ENTER' in Idioma hablado, Hector clicks on Boton de siguiente ubicacion], Hector ingresar direccion [Hector enters 'Panama City Panama' into Ciudad de ubicacion, Hector types 'ARROW_DOWN' in Ciudad de ubicacion, Hector types 'ENTER' in Ciudad de ubicacion, Hector enters '00000' into Codigo postal de ubicacion, Hector clicks on Listado de paises, Hector enters 'Panama' then hits ARROW_DOWN and ENTER into Pais de ubicacion, Hector clicks on Boton de siguiente dispositivo], Hector ingresar dispositivo [Hector clicks on Listado de dispositivos, Hector enters 'Huawei' then hits ARROW_DOWN and ENTER into Dispositivo]]
[Test worker] WARN net.thucydides.core.steps.BaseStepListener - stepStarted: net.thucydides.core.steps.ExecutedStepDescription@529e22bc
[Test worker] WARN net.thucydides.core.steps.BaseStepListener - stepFinished: current outcome:Registro de Hector en la pagina Utest.com:Given Hector desea registrarse en Utest.com [Hector abrir [Hector opens the Pagina utest, Hector clicks on Boton para iniciar registro]], When el usuario ingresa los datos requeridos por el sistema
| nombre | apellido | email | mesNacimiento | diaNacimiento | anoNacimiento | idioma | ciudad | zip | pais | celular | modelo | sistemaOperativo | contrasena |
| Hector | Duran | hector2@gmail.com | January | 28 | 1993 | Spanish | Panama City Panama | 00000 | Panama | Huawei | Poco F2 Pro | Android 10 | Hector12345# | [Hector ingresar [Hector enters 'Hector' into Primer nombre, Hector enters 'Duran' into Apellido, Hector enters 'hector2@gmail.com' into Direccion de correo, Hector select January on Mes de nacimiento, Hector select 28 on Dia de nacimiento, Hector select 1993 on AÃ±o de nacimiento, Hector enters 'Spanish' into Idioma hablado, Hector types 'ARROW_DOWN' in Idioma hablado, Hector types 'ENTER' in Idioma hablado, Hector clicks on Boton de siguiente ubicacion], Hector ingresar direccion [Hector enters 'Panama City Panama' into Ciudad de ubicacion, Hector types 'ARROW_DOWN' in Ciudad de ubicacion, Hector types 'ENTER' in Ciudad de ubicacion, Hector enters '00000' into Codigo postal de ubicacion, Hector clicks on Listado de paises, Hector enters 'Panama' then hits ARROW_DOWN and ENTER into Pais de ubicacion, Hector clicks on Boton de siguiente dispositivo], Hector ingresar dispositivo [Hector clicks on Listado de dispositivos, Hector enters 'Huawei' then hits ARROW_DOWN and ENTER into Dispositivo, Hector clicks on Listado de modelo de celular]]
[Test worker] WARN net.thucydides.core.steps.BaseStepListener - stepStarted: net.thucydides.core.steps.ExecutedStepDescription@64b2138a
[Test worker] WARN net.thucydides.core.steps.BaseStepListener - stepFinished: current outcome:Registro de Hector en la pagina Utest.com:Given Hector desea registrarse en Utest.com [Hector abrir [Hector opens the Pagina utest, Hector clicks on Boton para iniciar registro]], When el usuario ingresa los datos requeridos por el sistema
| nombre | apellido | email | mesNacimiento | diaNacimiento | anoNacimiento | idioma | ciudad | zip | pais | celular | modelo | sistemaOperativo | contrasena |
| Hector | Duran | hector2@gmail.com | January | 28 | 1993 | Spanish | Panama City Panama | 00000 | Panama | Huawei | Poco F2 Pro | Android 10 | Hector12345# | [Hector ingresar [Hector enters 'Hector' into Primer nombre, Hector enters 'Duran' into Apellido, Hector enters 'hector2@gmail.com' into Direccion de correo, Hector select January on Mes de nacimiento, Hector select 28 on Dia de nacimiento, Hector select 1993 on AÃ±o de nacimiento, Hector enters 'Spanish' into Idioma hablado, Hector types 'ARROW_DOWN' in Idioma hablado, Hector types 'ENTER' in Idioma hablado, Hector clicks on Boton de siguiente ubicacion], Hector ingresar direccion [Hector enters 'Panama City Panama' into Ciudad de ubicacion, Hector types 'ARROW_DOWN' in Ciudad de ubicacion, Hector types 'ENTER' in Ciudad de ubicacion, Hector enters '00000' into Codigo postal de ubicacion, Hector clicks on Listado de paises, Hector enters 'Panama' then hits ARROW_DOWN and ENTER into Pais de ubicacion, Hector clicks on Boton de siguiente dispositivo], Hector ingresar dispositivo [Hector clicks on Listado de dispositivos, Hector enters 'Huawei' then hits ARROW_DOWN and ENTER into Dispositivo, Hector clicks on Listado de modelo de celular, Hector enters 'Poco F2 Pro' then hits ARROW_DOWN and ENTER into Celular]]
[Test worker] WARN net.thucydides.core.steps.BaseStepListener - stepStarted: net.thucydides.core.steps.ExecutedStepDescription@1026e673
[Test worker] WARN net.thucydides.core.steps.BaseStepListener - stepFinished: current outcome:Registro de Hector en la pagina Utest.com:Given Hector desea registrarse en Utest.com [Hector abrir [Hector opens the Pagina utest, Hector clicks on Boton para iniciar registro]], When el usuario ingresa los datos requeridos por el sistema
| nombre | apellido | email | mesNacimiento | diaNacimiento | anoNacimiento | idioma | ciudad | zip | pais | celular | modelo | sistemaOperativo | contrasena |
| Hector | Duran | hector2@gmail.com | January | 28 | 1993 | Spanish | Panama City Panama | 00000 | Panama | Huawei | Poco F2 Pro | Android 10 | Hector12345# | [Hector ingresar [Hector enters 'Hector' into Primer nombre, Hector enters 'Duran' into Apellido, Hector enters 'hector2@gmail.com' into Direccion de correo, Hector select January on Mes de nacimiento, Hector select 28 on Dia de nacimiento, Hector select 1993 on AÃ±o de nacimiento, Hector enters 'Spanish' into Idioma hablado, Hector types 'ARROW_DOWN' in Idioma hablado, Hector types 'ENTER' in Idioma hablado, Hector clicks on Boton de siguiente ubicacion], Hector ingresar direccion [Hector enters 'Panama City Panama' into Ciudad de ubicacion, Hector types 'ARROW_DOWN' in Ciudad de ubicacion, Hector types 'ENTER' in Ciudad de ubicacion, Hector enters '00000' into Codigo postal de ubicacion, Hector clicks on Listado de paises, Hector enters 'Panama' then hits ARROW_DOWN and ENTER into Pais de ubicacion, Hector clicks on Boton de siguiente dispositivo], Hector ingresar dispositivo [Hector clicks on Listado de dispositivos, Hector enters 'Huawei' then hits ARROW_DOWN and ENTER into Dispositivo, Hector clicks on Listado de modelo de celular, Hector enters 'Poco F2 Pro' then hits ARROW_DOWN and ENTER into Celular, Hector clicks on Listado de sistema operativo]]
[Test worker] WARN net.thucydides.core.steps.BaseStepListener - stepStarted: net.thucydides.core.steps.ExecutedStepDescription@f03b4e
[Test worker] WARN net.thucydides.core.steps.BaseStepListener - stepFinished: current outcome:Registro de Hector en la pagina Utest.com:Given Hector desea registrarse en Utest.com [Hector abrir [Hector opens the Pagina utest, Hector clicks on Boton para iniciar registro]], When el usuario ingresa los datos requeridos por el sistema
| nombre | apellido | email | mesNacimiento | diaNacimiento | anoNacimiento | idioma | ciudad | zip | pais | celular | modelo | sistemaOperativo | contrasena |
| Hector | Duran | hector2@gmail.com | January | 28 | 1993 | Spanish | Panama City Panama | 00000 | Panama | Huawei | Poco F2 Pro | Android 10 | Hector12345# | [Hector ingresar [Hector enters 'Hector' into Primer nombre, Hector enters 'Duran' into Apellido, Hector enters 'hector2@gmail.com' into Direccion de correo, Hector select January on Mes de nacimiento, Hector select 28 on Dia de nacimiento, Hector select 1993 on AÃ±o de nacimiento, Hector enters 'Spanish' into Idioma hablado, Hector types 'ARROW_DOWN' in Idioma hablado, Hector types 'ENTER' in Idioma hablado, Hector clicks on Boton de siguiente ubicacion], Hector ingresar direccion [Hector enters 'Panama City Panama' into Ciudad de ubicacion, Hector types 'ARROW_DOWN' in Ciudad de ubicacion, Hector types 'ENTER' in Ciudad de ubicacion, Hector enters '00000' into Codigo postal de ubicacion, Hector clicks on Listado de paises, Hector enters 'Panama' then hits ARROW_DOWN and ENTER into Pais de ubicacion, Hector clicks on Boton de siguiente dispositivo], Hector ingresar dispositivo [Hector clicks on Listado de dispositivos, Hector enters 'Huawei' then hits ARROW_DOWN and ENTER into Dispositivo, Hector clicks on Listado de modelo de celular, Hector enters 'Poco F2 Pro' then hits ARROW_DOWN and ENTER into Celular, Hector clicks on Listado de sistema operativo, Hector enters 'Android 10' then hits ARROW_DOWN and ENTER into Sistema operativo]]
[Test worker] WARN net.thucydides.core.steps.BaseStepListener - stepStarted: net.thucydides.core.steps.ExecutedStepDescription@6ff3e927
[Test worker] WARN net.thucydides.core.steps.BaseStepListener - stepFinished: current outcome:Registro de Hector en la pagina Utest.com:Given Hector desea registrarse en Utest.com [Hector abrir [Hector opens the Pagina utest, Hector clicks on Boton para iniciar registro]], When el usuario ingresa los datos requeridos por el sistema
| nombre | apellido | email | mesNacimiento | diaNacimiento | anoNacimiento | idioma | ciudad | zip | pais | celular | modelo | sistemaOperativo | contrasena |
| Hector | Duran | hector2@gmail.com | January | 28 | 1993 | Spanish | Panama City Panama | 00000 | Panama | Huawei | Poco F2 Pro | Android 10 | Hector12345# | [Hector ingresar [Hector enters 'Hector' into Primer nombre, Hector enters 'Duran' into Apellido, Hector enters 'hector2@gmail.com' into Direccion de correo, Hector select January on Mes de nacimiento, Hector select 28 on Dia de nacimiento, Hector select 1993 on AÃ±o de nacimiento, Hector enters 'Spanish' into Idioma hablado, Hector types 'ARROW_DOWN' in Idioma hablado, Hector types 'ENTER' in Idioma hablado, Hector clicks on Boton de siguiente ubicacion], Hector ingresar direccion [Hector enters 'Panama City Panama' into Ciudad de ubicacion, Hector types 'ARROW_DOWN' in Ciudad de ubicacion, Hector types 'ENTER' in Ciudad de ubicacion, Hector enters '00000' into Codigo postal de ubicacion, Hector clicks on Listado de paises, Hector enters 'Panama' then hits ARROW_DOWN and ENTER into Pais de ubicacion, Hector clicks on Boton de siguiente dispositivo], Hector ingresar dispositivo [Hector clicks on Listado de dispositivos, Hector enters 'Huawei' then hits ARROW_DOWN and ENTER into Dispositivo, Hector clicks on Listado de modelo de celular, Hector enters 'Poco F2 Pro' then hits ARROW_DOWN and ENTER into Celular, Hector clicks on Listado de sistema operativo, Hector enters 'Android 10' then hits ARROW_DOWN and ENTER into Sistema operativo, Hector clicks on Boton de siguiente paso]]
[Test worker] WARN net.thucydides.core.steps.BaseStepListener - stepFinished: current outcome:Registro de Hector en la pagina Utest.com:Given Hector desea registrarse en Utest.com [Hector abrir [Hector opens the Pagina utest, Hector clicks on Boton para iniciar registro]], When el usuario ingresa los datos requeridos por el sistema
| nombre | apellido | email | mesNacimiento | diaNacimiento | anoNacimiento | idioma | ciudad | zip | pais | celular | modelo | sistemaOperativo | contrasena |
| Hector | Duran | hector2@gmail.com | January | 28 | 1993 | Spanish | Panama City Panama | 00000 | Panama | Huawei | Poco F2 Pro | Android 10 | Hector12345# | [Hector ingresar [Hector enters 'Hector' into Primer nombre, Hector enters 'Duran' into Apellido, Hector enters 'hector2@gmail.com' into Direccion de correo, Hector select January on Mes de nacimiento, Hector select 28 on Dia de nacimiento, Hector select 1993 on AÃ±o de nacimiento, Hector enters 'Spanish' into Idioma hablado, Hector types 'ARROW_DOWN' in Idioma hablado, Hector types 'ENTER' in Idioma hablado, Hector clicks on Boton de siguiente ubicacion], Hector ingresar direccion [Hector enters 'Panama City Panama' into Ciudad de ubicacion, Hector types 'ARROW_DOWN' in Ciudad de ubicacion, Hector types 'ENTER' in Ciudad de ubicacion, Hector enters '00000' into Codigo postal de ubicacion, Hector clicks on Listado de paises, Hector enters 'Panama' then hits ARROW_DOWN and ENTER into Pais de ubicacion, Hector clicks on Boton de siguiente dispositivo], Hector ingresar dispositivo [Hector clicks on Listado de dispositivos, Hector enters 'Huawei' then hits ARROW_DOWN and ENTER into Dispositivo, Hector clicks on Listado de modelo de celular, Hector enters 'Poco F2 Pro' then hits ARROW_DOWN and ENTER into Celular, Hector clicks on Listado de sistema operativo, Hector enters 'Android 10' then hits ARROW_DOWN and ENTER into Sistema operativo, Hector clicks on Boton de siguiente paso]]
[Test worker] WARN net.thucydides.core.steps.BaseStepListener - stepStarted: net.thucydides.core.steps.ExecutedStepDescription@168f93d0
[Test worker] WARN net.thucydides.core.steps.BaseStepListener - stepStarted: net.thucydides.core.steps.ExecutedStepDescription@333f39ad
[Test worker] WARN net.thucydides.core.steps.BaseStepListener - stepFinished: current outcome:Registro de Hector en la pagina Utest.com:Given Hector desea registrarse en Utest.com [Hector abrir [Hector opens the Pagina utest, Hector clicks on Boton para iniciar registro]], When el usuario ingresa los datos requeridos por el sistema
| nombre | apellido | email | mesNacimiento | diaNacimiento | anoNacimiento | idioma | ciudad | zip | pais | celular | modelo | sistemaOperativo | contrasena |
| Hector | Duran | hector2@gmail.com | January | 28 | 1993 | Spanish | Panama City Panama | 00000 | Panama | Huawei | Poco F2 Pro | Android 10 | Hector12345# | [Hector ingresar [Hector enters 'Hector' into Primer nombre, Hector enters 'Duran' into Apellido, Hector enters 'hector2@gmail.com' into Direccion de correo, Hector select January on Mes de nacimiento, Hector select 28 on Dia de nacimiento, Hector select 1993 on AÃ±o de nacimiento, Hector enters 'Spanish' into Idioma hablado, Hector types 'ARROW_DOWN' in Idioma hablado, Hector types 'ENTER' in Idioma hablado, Hector clicks on Boton de siguiente ubicacion], Hector ingresar direccion [Hector enters 'Panama City Panama' into Ciudad de ubicacion, Hector types 'ARROW_DOWN' in Ciudad de ubicacion, Hector types 'ENTER' in Ciudad de ubicacion, Hector enters '00000' into Codigo postal de ubicacion, Hector clicks on Listado de paises, Hector enters 'Panama' then hits ARROW_DOWN and ENTER into Pais de ubicacion, Hector clicks on Boton de siguiente dispositivo], Hector ingresar dispositivo [Hector clicks on Listado de dispositivos, Hector enters 'Huawei' then hits ARROW_DOWN and ENTER into Dispositivo, Hector clicks on Listado de modelo de celular, Hector enters 'Poco F2 Pro' then hits ARROW_DOWN and ENTER into Celular, Hector clicks on Listado de sistema operativo, Hector enters 'Android 10' then hits ARROW_DOWN and ENTER into Sistema operativo, Hector clicks on Boton de siguiente paso], Hector ingresar contrasena [Hector enters 'Hector12345#' into ContraseÃ±a de cuenta]]
[Test worker] WARN net.thucydides.core.steps.BaseStepListener - stepStarted: net.thucydides.core.steps.ExecutedStepDescription@4c61bb83
[Test worker] WARN net.thucydides.core.steps.BaseStepListener - stepFinished: current outcome:Registro de Hector en la pagina Utest.com:Given Hector desea registrarse en Utest.com [Hector abrir [Hector opens the Pagina utest, Hector clicks on Boton para iniciar registro]], When el usuario ingresa los datos requeridos por el sistema
| nombre | apellido | email | mesNacimiento | diaNacimiento | anoNacimiento | idioma | ciudad | zip | pais | celular | modelo | sistemaOperativo | contrasena |
| Hector | Duran | hector2@gmail.com | January | 28 | 1993 | Spanish | Panama City Panama | 00000 | Panama | Huawei | Poco F2 Pro | Android 10 | Hector12345# | [Hector ingresar [Hector enters 'Hector' into Primer nombre, Hector enters 'Duran' into Apellido, Hector enters 'hector2@gmail.com' into Direccion de correo, Hector select January on Mes de nacimiento, Hector select 28 on Dia de nacimiento, Hector select 1993 on AÃ±o de nacimiento, Hector enters 'Spanish' into Idioma hablado, Hector types 'ARROW_DOWN' in Idioma hablado, Hector types 'ENTER' in Idioma hablado, Hector clicks on Boton de siguiente ubicacion], Hector ingresar direccion [Hector enters 'Panama City Panama' into Ciudad de ubicacion, Hector types 'ARROW_DOWN' in Ciudad de ubicacion, Hector types 'ENTER' in Ciudad de ubicacion, Hector enters '00000' into Codigo postal de ubicacion, Hector clicks on Listado de paises, Hector enters 'Panama' then hits ARROW_DOWN and ENTER into Pais de ubicacion, Hector clicks on Boton de siguiente dispositivo], Hector ingresar dispositivo [Hector clicks on Listado de dispositivos, Hector enters 'Huawei' then hits ARROW_DOWN and ENTER into Dispositivo, Hector clicks on Listado de modelo de celular, Hector enters 'Poco F2 Pro' then hits ARROW_DOWN and ENTER into Celular, Hector clicks on Listado de sistema operativo, Hector enters 'Android 10' then hits ARROW_DOWN and ENTER into Sistema operativo, Hector clicks on Boton de siguiente paso], Hector ingresar contrasena [Hector enters 'Hector12345#' into ContraseÃ±a de cuenta, Hector enters 'Hector12345#' into confirmar ContraseÃ±a de cuenta]]
[Test worker] WARN net.thucydides.core.steps.BaseStepListener - stepStarted: net.thucydides.core.steps.ExecutedStepDescription@55682832
[Test worker] WARN net.thucydides.core.steps.BaseStepListener - stepFinished: current outcome:Registro de Hector en la pagina Utest.com:Given Hector desea registrarse en Utest.com [Hector abrir [Hector opens the Pagina utest, Hector clicks on Boton para iniciar registro]], When el usuario ingresa los datos requeridos por el sistema
| nombre | apellido | email | mesNacimiento | diaNacimiento | anoNacimiento | idioma | ciudad | zip | pais | celular | modelo | sistemaOperativo | contrasena |
| Hector | Duran | hector2@gmail.com | January | 28 | 1993 | Spanish | Panama City Panama | 00000 | Panama | Huawei | Poco F2 Pro | Android 10 | Hector12345# | [Hector ingresar [Hector enters 'Hector' into Primer nombre, Hector enters 'Duran' into Apellido, Hector enters 'hector2@gmail.com' into Direccion de correo, Hector select January on Mes de nacimiento, Hector select 28 on Dia de nacimiento, Hector select 1993 on AÃ±o de nacimiento, Hector enters 'Spanish' into Idioma hablado, Hector types 'ARROW_DOWN' in Idioma hablado, Hector types 'ENTER' in Idioma hablado, Hector clicks on Boton de siguiente ubicacion], Hector ingresar direccion [Hector enters 'Panama City Panama' into Ciudad de ubicacion, Hector types 'ARROW_DOWN' in Ciudad de ubicacion, Hector types 'ENTER' in Ciudad de ubicacion, Hector enters '00000' into Codigo postal de ubicacion, Hector clicks on Listado de paises, Hector enters 'Panama' then hits ARROW_DOWN and ENTER into Pais de ubicacion, Hector clicks on Boton de siguiente dispositivo], Hector ingresar dispositivo [Hector clicks on Listado de dispositivos, Hector enters 'Huawei' then hits ARROW_DOWN and ENTER into Dispositivo, Hector clicks on Listado de modelo de celular, Hector enters 'Poco F2 Pro' then hits ARROW_DOWN and ENTER into Celular, Hector clicks on Listado de sistema operativo, Hector enters 'Android 10' then hits ARROW_DOWN and ENTER into Sistema operativo, Hector clicks on Boton de siguiente paso], Hector ingresar contrasena [Hector enters 'Hector12345#' into ContraseÃ±a de cuenta, Hector enters 'Hector12345#' into confirmar ContraseÃ±a de cuenta, Hector clicks on Mantener informadoa usuario]]
[Test worker] WARN net.thucydides.core.steps.BaseStepListener - stepStarted: net.thucydides.core.steps.ExecutedStepDescription@3ceac8ae
[Test worker] WARN net.thucydides.core.steps.BaseStepListener - stepFinished: current outcome:Registro de Hector en la pagina Utest.com:Given Hector desea registrarse en Utest.com [Hector abrir [Hector opens the Pagina utest, Hector clicks on Boton para iniciar registro]], When el usuario ingresa los datos requeridos por el sistema
| nombre | apellido | email | mesNacimiento | diaNacimiento | anoNacimiento | idioma | ciudad | zip | pais | celular | modelo | sistemaOperativo | contrasena |
| Hector | Duran | hector2@gmail.com | January | 28 | 1993 | Spanish | Panama City Panama | 00000 | Panama | Huawei | Poco F2 Pro | Android 10 | Hector12345# | [Hector ingresar [Hector enters 'Hector' into Primer nombre, Hector enters 'Duran' into Apellido, Hector enters 'hector2@gmail.com' into Direccion de correo, Hector select January on Mes de nacimiento, Hector select 28 on Dia de nacimiento, Hector select 1993 on AÃ±o de nacimiento, Hector enters 'Spanish' into Idioma hablado, Hector types 'ARROW_DOWN' in Idioma hablado, Hector types 'ENTER' in Idioma hablado, Hector clicks on Boton de siguiente ubicacion], Hector ingresar direccion [Hector enters 'Panama City Panama' into Ciudad de ubicacion, Hector types 'ARROW_DOWN' in Ciudad de ubicacion, Hector types 'ENTER' in Ciudad de ubicacion, Hector enters '00000' into Codigo postal de ubicacion, Hector clicks on Listado de paises, Hector enters 'Panama' then hits ARROW_DOWN and ENTER into Pais de ubicacion, Hector clicks on Boton de siguiente dispositivo], Hector ingresar dispositivo [Hector clicks on Listado de dispositivos, Hector enters 'Huawei' then hits ARROW_DOWN and ENTER into Dispositivo, Hector clicks on Listado de modelo de celular, Hector enters 'Poco F2 Pro' then hits ARROW_DOWN and ENTER into Celular, Hector clicks on Listado de sistema operativo, Hector enters 'Android 10' then hits ARROW_DOWN and ENTER into Sistema operativo, Hector clicks on Boton de siguiente paso], Hector ingresar contrasena [Hector enters 'Hector12345#' into ContraseÃ±a de cuenta, Hector enters 'Hector12345#' into confirmar ContraseÃ±a de cuenta, Hector clicks on Mantener informadoa usuario, Hector clicks on El usuario acepta los terminos]]
[Test worker] WARN net.thucydides.core.steps.BaseStepListener - stepStarted: net.thucydides.core.steps.ExecutedStepDescription@5bf6ae4f
[Test worker] WARN net.thucydides.core.steps.BaseStepListener - stepFinished: current outcome:Registro de Hector en la pagina Utest.com:Given Hector desea registrarse en Utest.com [Hector abrir [Hector opens the Pagina utest, Hector clicks on Boton para iniciar registro]], When el usuario ingresa los datos requeridos por el sistema
| nombre | apellido | email | mesNacimiento | diaNacimiento | anoNacimiento | idioma | ciudad | zip | pais | celular | modelo | sistemaOperativo | contrasena |
| Hector | Duran | hector2@gmail.com | January | 28 | 1993 | Spanish | Panama City Panama | 00000 | Panama | Huawei | Poco F2 Pro | Android 10 | Hector12345# | [Hector ingresar [Hector enters 'Hector' into Primer nombre, Hector enters 'Duran' into Apellido, Hector enters 'hector2@gmail.com' into Direccion de correo, Hector select January on Mes de nacimiento, Hector select 28 on Dia de nacimiento, Hector select 1993 on AÃ±o de nacimiento, Hector enters 'Spanish' into Idioma hablado, Hector types 'ARROW_DOWN' in Idioma hablado, Hector types 'ENTER' in Idioma hablado, Hector clicks on Boton de siguiente ubicacion], Hector ingresar direccion [Hector enters 'Panama City Panama' into Ciudad de ubicacion, Hector types 'ARROW_DOWN' in Ciudad de ubicacion, Hector types 'ENTER' in Ciudad de ubicacion, Hector enters '00000' into Codigo postal de ubicacion, Hector clicks on Listado de paises, Hector enters 'Panama' then hits ARROW_DOWN and ENTER into Pais de ubicacion, Hector clicks on Boton de siguiente dispositivo], Hector ingresar dispositivo [Hector clicks on Listado de dispositivos, Hector enters 'Huawei' then hits ARROW_DOWN and ENTER into Dispositivo, Hector clicks on Listado de modelo de celular, Hector enters 'Poco F2 Pro' then hits ARROW_DOWN and ENTER into Celular, Hector clicks on Listado de sistema operativo, Hector enters 'Android 10' then hits ARROW_DOWN and ENTER into Sistema operativo, Hector clicks on Boton de siguiente paso], Hector ingresar contrasena [Hector enters 'Hector12345#' into ContraseÃ±a de cuenta, Hector enters 'Hector12345#' into confirmar ContraseÃ±a de cuenta, Hector clicks on Mantener informadoa usuario, Hector clicks on El usuario acepta los terminos, Hector clicks on confirmar ContraseÃ±a de cuenta]]
[Test worker] WARN net.thucydides.core.steps.BaseStepListener - stepStarted: net.thucydides.core.steps.ExecutedStepDescription@8792cbf
[Test worker] WARN net.thucydides.core.steps.BaseStepListener - stepFinished: current outcome:Registro de Hector en la pagina Utest.com:Given Hector desea registrarse en Utest.com [Hector abrir [Hector opens the Pagina utest, Hector clicks on Boton para iniciar registro]], When el usuario ingresa los datos requeridos por el sistema
| nombre | apellido | email | mesNacimiento | diaNacimiento | anoNacimiento | idioma | ciudad | zip | pais | celular | modelo | sistemaOperativo | contrasena |
| Hector | Duran | hector2@gmail.com | January | 28 | 1993 | Spanish | Panama City Panama | 00000 | Panama | Huawei | Poco F2 Pro | Android 10 | Hector12345# | [Hector ingresar [Hector enters 'Hector' into Primer nombre, Hector enters 'Duran' into Apellido, Hector enters 'hector2@gmail.com' into Direccion de correo, Hector select January on Mes de nacimiento, Hector select 28 on Dia de nacimiento, Hector select 1993 on AÃ±o de nacimiento, Hector enters 'Spanish' into Idioma hablado, Hector types 'ARROW_DOWN' in Idioma hablado, Hector types 'ENTER' in Idioma hablado, Hector clicks on Boton de siguiente ubicacion], Hector ingresar direccion [Hector enters 'Panama City Panama' into Ciudad de ubicacion, Hector types 'ARROW_DOWN' in Ciudad de ubicacion, Hector types 'ENTER' in Ciudad de ubicacion, Hector enters '00000' into Codigo postal de ubicacion, Hector clicks on Listado de paises, Hector enters 'Panama' then hits ARROW_DOWN and ENTER into Pais de ubicacion, Hector clicks on Boton de siguiente dispositivo], Hector ingresar dispositivo [Hector clicks on Listado de dispositivos, Hector enters 'Huawei' then hits ARROW_DOWN and ENTER into Dispositivo, Hector clicks on Listado de modelo de celular, Hector enters 'Poco F2 Pro' then hits ARROW_DOWN and ENTER into Celular, Hector clicks on Listado de sistema operativo, Hector enters 'Android 10' then hits ARROW_DOWN and ENTER into Sistema operativo, Hector clicks on Boton de siguiente paso], Hector ingresar contrasena [Hector enters 'Hector12345#' into ContraseÃ±a de cuenta, Hector enters 'Hector12345#' into confirmar ContraseÃ±a de cuenta, Hector clicks on Mantener informadoa usuario, Hector clicks on El usuario acepta los terminos, Hector clicks on confirmar ContraseÃ±a de cuenta, Hector clicks on Boton de formulario de registro final]]
[Test worker] WARN net.thucydides.core.steps.BaseStepListener - stepFinished: current outcome:Registro de Hector en la pagina Utest.com:Given Hector desea registrarse en Utest.com [Hector abrir [Hector opens the Pagina utest, Hector clicks on Boton para iniciar registro]], When el usuario ingresa los datos requeridos por el sistema
| nombre | apellido | email | mesNacimiento | diaNacimiento | anoNacimiento | idioma | ciudad | zip | pais | celular | modelo | sistemaOperativo | contrasena |
| Hector | Duran | hector2@gmail.com | January | 28 | 1993 | Spanish | Panama City Panama | 00000 | Panama | Huawei | Poco F2 Pro | Android 10 | Hector12345# | [Hector ingresar [Hector enters 'Hector' into Primer nombre, Hector enters 'Duran' into Apellido, Hector enters 'hector2@gmail.com' into Direccion de correo, Hector select January on Mes de nacimiento, Hector select 28 on Dia de nacimiento, Hector select 1993 on AÃ±o de nacimiento, Hector enters 'Spanish' into Idioma hablado, Hector types 'ARROW_DOWN' in Idioma hablado, Hector types 'ENTER' in Idioma hablado, Hector clicks on Boton de siguiente ubicacion], Hector ingresar direccion [Hector enters 'Panama City Panama' into Ciudad de ubicacion, Hector types 'ARROW_DOWN' in Ciudad de ubicacion, Hector types 'ENTER' in Ciudad de ubicacion, Hector enters '00000' into Codigo postal de ubicacion, Hector clicks on Listado de paises, Hector enters 'Panama' then hits ARROW_DOWN and ENTER into Pais de ubicacion, Hector clicks on Boton de siguiente dispositivo], Hector ingresar dispositivo [Hector clicks on Listado de dispositivos, Hector enters 'Huawei' then hits ARROW_DOWN and ENTER into Dispositivo, Hector clicks on Listado de modelo de celular, Hector enters 'Poco F2 Pro' then hits ARROW_DOWN and ENTER into Celular, Hector clicks on Listado de sistema operativo, Hector enters 'Android 10' then hits ARROW_DOWN and ENTER into Sistema operativo, Hector clicks on Boton de siguiente paso], Hector ingresar contrasena [Hector enters 'Hector12345#' into ContraseÃ±a de cuenta, Hector enters 'Hector12345#' into confirmar ContraseÃ±a de cuenta, Hector clicks on Mantener informadoa usuario, Hector clicks on El usuario acepta los terminos, Hector clicks on confirmar ContraseÃ±a de cuenta, Hector clicks on Boton de formulario de registro final]]
[Test worker] WARN net.thucydides.core.steps.BaseStepListener - stepFinished: current outcome:Registro de Hector en la pagina Utest.com:Given Hector desea registrarse en Utest.com [Hector abrir [Hector opens the Pagina utest, Hector clicks on Boton para iniciar registro]], When el usuario ingresa los datos requeridos por el sistema
| nombre | apellido | email | mesNacimiento | diaNacimiento | anoNacimiento | idioma | ciudad | zip | pais | celular | modelo | sistemaOperativo | contrasena |
| Hector | Duran | hector2@gmail.com | January | 28 | 1993 | Spanish | Panama City Panama | 00000 | Panama | Huawei | Poco F2 Pro | Android 10 | Hector12345# | [Hector ingresar [Hector enters 'Hector' into Primer nombre, Hector enters 'Duran' into Apellido, Hector enters 'hector2@gmail.com' into Direccion de correo, Hector select January on Mes de nacimiento, Hector select 28 on Dia de nacimiento, Hector select 1993 on AÃ±o de nacimiento, Hector enters 'Spanish' into Idioma hablado, Hector types 'ARROW_DOWN' in Idioma hablado, Hector types 'ENTER' in Idioma hablado, Hector clicks on Boton de siguiente ubicacion], Hector ingresar direccion [Hector enters 'Panama City Panama' into Ciudad de ubicacion, Hector types 'ARROW_DOWN' in Ciudad de ubicacion, Hector types 'ENTER' in Ciudad de ubicacion, Hector enters '00000' into Codigo postal de ubicacion, Hector clicks on Listado de paises, Hector enters 'Panama' then hits ARROW_DOWN and ENTER into Pais de ubicacion, Hector clicks on Boton de siguiente dispositivo], Hector ingresar dispositivo [Hector clicks on Listado de dispositivos, Hector enters 'Huawei' then hits ARROW_DOWN and ENTER into Dispositivo, Hector clicks on Listado de modelo de celular, Hector enters 'Poco F2 Pro' then hits ARROW_DOWN and ENTER into Celular, Hector clicks on Listado de sistema operativo, Hector enters 'Android 10' then hits ARROW_DOWN and ENTER into Sistema operativo, Hector clicks on Boton de siguiente paso], Hector ingresar contrasena [Hector enters 'Hector12345#' into ContraseÃ±a de cuenta, Hector enters 'Hector12345#' into confirmar ContraseÃ±a de cuenta, Hector clicks on Mantener informadoa usuario, Hector clicks on El usuario acepta los terminos, Hector clicks on confirmar ContraseÃ±a de cuenta, Hector clicks on Boton de formulario de registro final]]
[Test worker] WARN net.thucydides.core.steps.BaseStepListener - stepStarted: net.thucydides.core.steps.ExecutedStepDescription@6c18b5bb
[Test worker] WARN net.thucydides.core.steps.BaseStepListener - stepStarted: net.thucydides.core.steps.ExecutedStepDescription@451989af
[Test worker] WARN net.thucydides.core.steps.BaseStepListener - testFinished: Registro de Hector en la pagina Utest.com:Given Hector desea registrarse en Utest.com [Hector abrir [Hector opens the Pagina utest, Hector clicks on Boton para iniciar registro]], When el usuario ingresa los datos requeridos por el sistema
| nombre | apellido | email | mesNacimiento | diaNacimiento | anoNacimiento | idioma | ciudad | zip | pais | celular | modelo | sistemaOperativo | contrasena |
| Hector | Duran | hector2@gmail.com | January | 28 | 1993 | Spanish | Panama City Panama | 00000 | Panama | Huawei | Poco F2 Pro | Android 10 | Hector12345# | [Hector ingresar [Hector enters 'Hector' into Primer nombre, Hector enters 'Duran' into Apellido, Hector enters 'hector2@gmail.com' into Direccion de correo, Hector select January on Mes de nacimiento, Hector select 28 on Dia de nacimiento, Hector select 1993 on AÃ±o de nacimiento, Hector enters 'Spanish' into Idioma hablado, Hector types 'ARROW_DOWN' in Idioma hablado, Hector types 'ENTER' in Idioma hablado, Hector clicks on Boton de siguiente ubicacion], Hector ingresar direccion [Hector enters 'Panama City Panama' into Ciudad de ubicacion, Hector types 'ARROW_DOWN' in Ciudad de ubicacion, Hector types 'ENTER' in Ciudad de ubicacion, Hector enters '00000' into Codigo postal de ubicacion, Hector clicks on Listado de paises, Hector enters 'Panama' then hits ARROW_DOWN and ENTER into Pais de ubicacion, Hector clicks on Boton de siguiente dispositivo], Hector ingresar dispositivo [Hector clicks on Listado de dispositivos, Hector enters 'Huawei' then hits ARROW_DOWN and ENTER into Dispositivo, Hector clicks on Listado de modelo de celular, Hector enters 'Poco F2 Pro' then hits ARROW_DOWN and ENTER into Celular, Hector clicks on Listado de sistema operativo, Hector enters 'Android 10' then hits ARROW_DOWN and ENTER into Sistema operativo, Hector clicks on Boton de siguiente paso], Hector ingresar contrasena [Hector enters 'Hector12345#' into ContraseÃ±a de cuenta, Hector enters 'Hector12345#' into confirmar ContraseÃ±a de cuenta, Hector clicks on Mantener informadoa usuario, Hector clicks on El usuario acepta los terminos, Hector clicks on confirmar ContraseÃ±a de cuenta, Hector clicks on Boton de formulario de registro final]], Then el registro muestra la notificacion de completado la configuracion en pantalla
| respuesta |
| Complete Setup | [Then respuesta registro]
[Test worker] WARN net.thucydides.core.steps.BaseStepListener - TestOutcomes: [Registro de Hector en la pagina Utest.com:Given Hector desea registrarse en Utest.com [Hector abrir [Hector opens the Pagina utest, Hector clicks on Boton para iniciar registro]], When el usuario ingresa los datos requeridos por el sistema
| nombre | apellido | email | mesNacimiento | diaNacimiento | anoNacimiento | idioma | ciudad | zip | pais | celular | modelo | sistemaOperativo | contrasena |
| Hector | Duran | hector2@gmail.com | January | 28 | 1993 | Spanish | Panama City Panama | 00000 | Panama | Huawei | Poco F2 Pro | Android 10 | Hector12345# | [Hector ingresar [Hector enters 'Hector' into Primer nombre, Hector enters 'Duran' into Apellido, Hector enters 'hector2@gmail.com' into Direccion de correo, Hector select January on Mes de nacimiento, Hector select 28 on Dia de nacimiento, Hector select 1993 on AÃ±o de nacimiento, Hector enters 'Spanish' into Idioma hablado, Hector types 'ARROW_DOWN' in Idioma hablado, Hector types 'ENTER' in Idioma hablado, Hector clicks on Boton de siguiente ubicacion], Hector ingresar direccion [Hector enters 'Panama City Panama' into Ciudad de ubicacion, Hector types 'ARROW_DOWN' in Ciudad de ubicacion, Hector types 'ENTER' in Ciudad de ubicacion, Hector enters '00000' into Codigo postal de ubicacion, Hector clicks on Listado de paises, Hector enters 'Panama' then hits ARROW_DOWN and ENTER into Pais de ubicacion, Hector clicks on Boton de siguiente dispositivo], Hector ingresar dispositivo [Hector clicks on Listado de dispositivos, Hector enters 'Huawei' then hits ARROW_DOWN and ENTER into Dispositivo, Hector clicks on Listado de modelo de celular, Hector enters 'Poco F2 Pro' then hits ARROW_DOWN and ENTER into Celular, Hector clicks on Listado de sistema operativo, Hector enters 'Android 10' then hits ARROW_DOWN and ENTER into Sistema operativo, Hector clicks on Boton de siguiente paso], Hector ingresar contrasena [Hector enters 'Hector12345#' into ContraseÃ±a de cuenta, Hector enters 'Hector12345#' into confirmar ContraseÃ±a de cuenta, Hector clicks on Mantener informadoa usuario, Hector clicks on El usuario acepta los terminos, Hector clicks on confirmar ContraseÃ±a de cuenta, Hector clicks on Boton de formulario de registro final]], Then el registro muestra la notificacion de completado la configuracion en pantalla
| respuesta |
| Complete Setup | [Then respuesta registro]]
[Test worker] WARN net.thucydides.core.steps.BaseStepListener - Final testOutcomes: [Registro de Hector en la pagina Utest.com:Given Hector desea registrarse en Utest.com [Hector abrir [Hector opens the Pagina utest, Hector clicks on Boton para iniciar registro]], When el usuario ingresa los datos requeridos por el sistema
| nombre | apellido | email | mesNacimiento | diaNacimiento | anoNacimiento | idioma | ciudad | zip | pais | celular | modelo | sistemaOperativo | contrasena |
| Hector | Duran | hector2@gmail.com | January | 28 | 1993 | Spanish | Panama City Panama | 00000 | Panama | Huawei | Poco F2 Pro | Android 10 | Hector12345# | [Hector ingresar [Hector enters 'Hector' into Primer nombre, Hector enters 'Duran' into Apellido, Hector enters 'hector2@gmail.com' into Direccion de correo, Hector select January on Mes de nacimiento, Hector select 28 on Dia de nacimiento, Hector select 1993 on AÃ±o de nacimiento, Hector enters 'Spanish' into Idioma hablado, Hector types 'ARROW_DOWN' in Idioma hablado, Hector types 'ENTER' in Idioma hablado, Hector clicks on Boton de siguiente ubicacion], Hector ingresar direccion [Hector enters 'Panama City Panama' into Ciudad de ubicacion, Hector types 'ARROW_DOWN' in Ciudad de ubicacion, Hector types 'ENTER' in Ciudad de ubicacion, Hector enters '00000' into Codigo postal de ubicacion, Hector clicks on Listado de paises, Hector enters 'Panama' then hits ARROW_DOWN and ENTER into Pais de ubicacion, Hector clicks on Boton de siguiente dispositivo], Hector ingresar dispositivo [Hector clicks on Listado de dispositivos, Hector enters 'Huawei' then hits ARROW_DOWN and ENTER into Dispositivo, Hector clicks on Listado de modelo de celular, Hector enters 'Poco F2 Pro' then hits ARROW_DOWN and ENTER into Celular, Hector clicks on Listado de sistema operativo, Hector enters 'Android 10' then hits ARROW_DOWN and ENTER into Sistema operativo, Hector clicks on Boton de siguiente paso], Hector ingresar contrasena [Hector enters 'Hector12345#' into ContraseÃ±a de cuenta, Hector enters 'Hector12345#' into confirmar ContraseÃ±a de cuenta, Hector clicks on Mantener informadoa usuario, Hector clicks on El usuario acepta los terminos, Hector clicks on confirmar ContraseÃ±a de cuenta, Hector clicks on Boton de formulario de registro final]], Then el registro muestra la notificacion de completado la configuracion en pantalla
| respuesta |
| Complete Setup | [Then respuesta registro]]
[Test worker] ERROR net.thucydides.core.steps.ConsoleLoggingListener - 
           __  _____ _____ ____ _____   _____ _    ___ _     _____ ____  
  _       / / |_   _| ____/ ___|_   _| |  ___/ \  |_ _| |   | ____|  _ \ 
 (_)_____| |    | | |  _| \___ \ | |   | |_ / _ \  | || |   |  _| | | | |
  _|_____| |    | | | |___ ___) || |   |  _/ ___ \ | || |___| |___| |_| |
 (_)     | |    |_| |_____|____/ |_|   |_|/_/   \_\___|_____|_____|____/ 
          \_\                                                            

TEST FAILED: Registro de Hector en la pagina Utest.com
--------------------------------------------------------------------------
[Test worker] ERROR net.thucydides.core.steps.ConsoleLoggingListener - TEST FAILED AT STEP Then respuesta registro
[Test worker] ERROR net.thucydides.core.steps.ConsoleLoggingListener - Expected respuesta registroExpected: is <true> but: was <false>
]]></system-err>
</testsuite>
